<?xml version="1.0" encoding="UTF-8"?>
<!-- Generated by org.testng.reporters.JUnitXMLReporter -->
<testsuite hostname="DSHYD-LAP-032" ignored="0" name="Paralleltest1" tests="5" failures="3" timestamp="2020-07-15T19:26:17 IST" time="28.838" errors="0">
  <testcase name="verify_selected_item_is_added_to_cart_on_screen" time="2.45" classname="step_definitions.MobileParallel">
    <failure type="java.lang.AssertionError" message="null">
      <![CDATA[java.lang.AssertionError: null
at step_definitions.MobileParallel.verify_selected_item_is_added_to_cart_on_screen(MobileParallel.java:160)
at java.util.concurrent.ThreadPoolExecutor.runWorker(Unknown Source)
at java.util.concurrent.ThreadPoolExecutor$Worker.run(Unknown Source)
at java.lang.Thread.run(Unknown Source)
... Removed 13 stack frames]]>
    </failure>
  </testcase> <!-- verify_selected_item_is_added_to_cart_on_screen -->
  <testcase name="click_on_SKIP_SIGN_in_button" time="6.329" classname="step_definitions.MobileParallel">
    <failure type="java.lang.AssertionError" message="null">
      <![CDATA[java.lang.AssertionError: null
at step_definitions.MobileParallel.click_on_SKIP_SIGN_in_button(MobileParallel.java:112)
at java.util.concurrent.ThreadPoolExecutor.runWorker(Unknown Source)
at java.util.concurrent.ThreadPoolExecutor$Worker.run(Unknown Source)
at java.lang.Thread.run(Unknown Source)
... Removed 13 stack frames]]>
    </failure>
  </testcase> <!-- click_on_SKIP_SIGN_in_button -->
  <testcase name="select_item_by_category_in_the_application" time="10.363" classname="step_definitions.MobileParallel">
    <failure type="java.lang.AssertionError" message="null">
      <![CDATA[java.lang.AssertionError: null
at step_definitions.MobileParallel.select_item_by_category_in_the_application(MobileParallel.java:124)
at java.util.concurrent.ThreadPoolExecutor.runWorker(Unknown Source)
at java.util.concurrent.ThreadPoolExecutor$Worker.run(Unknown Source)
at java.lang.Thread.run(Unknown Source)
... Removed 13 stack frames]]>
    </failure>
  </testcase> <!-- select_item_by_category_in_the_application -->
  <testcase name="add_selected_item_to_cart_on_the_screen" time="13.332" classname="step_definitions.MobileParallel"/>
  <testcase name="open_the_amazon_apk_file" time="28.701" classname="step_definitions.MobileParallel"/>
</testsuite> <!-- Paralleltest1 -->
