<?xml version="1.0" encoding="UTF-8"?>
<testng-results skipped="0" failed="1" ignored="0" total="1" passed="0">
  <reporter-output>
  </reporter-output>
  <suite name="Default suite" duration-ms="44429" started-at="2023-08-20T22:09:51 BST" finished-at="2023-08-20T22:10:35 BST">
    <groups>
      <group name="cucumber">
        <method signature="AbstractTestNGCucumberTests.feature(cucumber.api.testng.CucumberFeatureWrapper)[pri:0, instance:step_definitions.RunCukesTest@3ba9ad43]" name="feature" class="cucumber.api.testng.AbstractTestNGCucumberTests"/>
      </group> <!-- cucumber -->
    </groups>
    <test name="Default test" duration-ms="44429" started-at="2023-08-20T22:09:51 BST" finished-at="2023-08-20T22:10:35 BST">
      <class name="step_definitions.RunCukesTest">
        <test-method status="PASS" signature="setUpClass()[pri:0, instance:step_definitions.RunCukesTest@3ba9ad43]" name="setUpClass" is-config="true" duration-ms="179" started-at="2023-08-20T22:09:51 BST" finished-at="2023-08-20T22:09:51 BST">
          <reporter-output>
          </reporter-output>
        </test-method> <!-- setUpClass -->
        <test-method status="PASS" signature="onStart()[pri:0, instance:step_definitions.RunCukesTest@3ba9ad43]" name="onStart" is-config="true" duration-ms="607" started-at="2023-08-20T22:09:51 BST" finished-at="2023-08-20T22:09:51 BST">
          <reporter-output>
          </reporter-output>
        </test-method> <!-- onStart -->
        <test-method status="FAIL" signature="feature(cucumber.api.testng.CucumberFeatureWrapper)[pri:0, instance:step_definitions.RunCukesTest@3ba9ad43]" name="feature" duration-ms="43137" started-at="2023-08-20T22:09:51 BST" description="Runs Cucumber Feature" data-provider="features" finished-at="2023-08-20T22:10:35 BST">
          <params>
            <param index="0">
              <value>
                <![CDATA[Create an account for new user]]>
              </value>
            </param>
          </params>
          <exception class="cucumber.runtime.CucumberException">
            <message>
              <![CDATA[java.lang.AssertionError: Expected condition failed: waiting for visibility of element located by By.xpath: //input[@id='ap_email'] (tried for 10 second(s) with 500 milliseconds interval)]]>
            </message>
            <full-stacktrace>
              <![CDATA[cucumber.runtime.CucumberException: java.lang.AssertionError: Expected condition failed: waiting for visibility of element located by By.xpath: //input[@id='ap_email'] (tried for 10 second(s) with 500 milliseconds interval)
at cucumber.api.testng.TestNGCucumberRunner.runCucumber(TestNGCucumberRunner.java:69)
at cucumber.api.testng.AbstractTestNGCucumberTests.feature(AbstractTestNGCucumberTests.java:21)
at sun.reflect.NativeMethodAccessorImpl.invoke0(Native Method)
at sun.reflect.NativeMethodAccessorImpl.invoke(NativeMethodAccessorImpl.java:62)
at sun.reflect.DelegatingMethodAccessorImpl.invoke(DelegatingMethodAccessorImpl.java:43)
at java.lang.reflect.Method.invoke(Method.java:498)
at org.testng.internal.MethodInvocationHelper.invokeMethod(MethodInvocationHelper.java:133)
at org.testng.internal.TestInvoker.invokeMethod(TestInvoker.java:598)
at org.testng.internal.TestInvoker.invokeTestMethod(TestInvoker.java:173)
at org.testng.internal.MethodRunner.runInSequence(MethodRunner.java:46)
at org.testng.internal.TestInvoker$MethodInvocationAgent.invoke(TestInvoker.java:824)
at org.testng.internal.TestInvoker.invokeTestMethods(TestInvoker.java:146)
at org.testng.internal.TestMethodWorker.invokeTestMethods(TestMethodWorker.java:146)
at org.testng.internal.TestMethodWorker.run(TestMethodWorker.java:128)
at java.util.ArrayList.forEach(ArrayList.java:1259)
at org.testng.TestRunner.privateRun(TestRunner.java:794)
at org.testng.TestRunner.run(TestRunner.java:596)
at org.testng.SuiteRunner.runTest(SuiteRunner.java:377)
at org.testng.SuiteRunner.runSequentially(SuiteRunner.java:371)
at org.testng.SuiteRunner.privateRun(SuiteRunner.java:332)
at org.testng.SuiteRunner.run(SuiteRunner.java:276)
at org.testng.SuiteRunnerWorker.runSuite(SuiteRunnerWorker.java:53)
at org.testng.SuiteRunnerWorker.run(SuiteRunnerWorker.java:96)
at org.testng.TestNG.runSuitesSequentially(TestNG.java:1212)
at org.testng.TestNG.runSuitesLocally(TestNG.java:1134)
at org.testng.TestNG.runSuites(TestNG.java:1063)
at org.testng.TestNG.run(TestNG.java:1031)
at org.testng.remote.AbstractRemoteTestNG.run(AbstractRemoteTestNG.java:115)
at org.testng.remote.RemoteTestNG.initAndRun(RemoteTestNG.java:251)
at org.testng.remote.RemoteTestNG.main(RemoteTestNG.java:77)
Caused by: java.lang.AssertionError: Expected condition failed: waiting for visibility of element located by By.xpath: //input[@id='ap_email'] (tried for 10 second(s) with 500 milliseconds interval)
at org.testng.Assert.fail(Assert.java:99)
at step_definitions.AmazonRegistartion.enter_the_login_credentials(AmazonRegistartion.java:161)
at âœ½.And Enter the login credentials(features/AmazonRegistration.feature:20)
]]>
            </full-stacktrace>
          </exception> <!-- cucumber.runtime.CucumberException -->
          <reporter-output>
          </reporter-output>
        </test-method> <!-- feature -->
        <test-method status="PASS" signature="onFinish()[pri:0, instance:step_definitions.RunCukesTest@3ba9ad43]" name="onFinish" is-config="true" duration-ms="366" started-at="2023-08-20T22:10:35 BST" finished-at="2023-08-20T22:10:35 BST">
          <reporter-output>
          </reporter-output>
        </test-method> <!-- onFinish -->
        <test-method status="PASS" signature="tearDownClass()[pri:0, instance:step_definitions.RunCukesTest@3ba9ad43]" name="tearDownClass" is-config="true" duration-ms="55" started-at="2023-08-20T22:10:35 BST" finished-at="2023-08-20T22:10:35 BST">
          <reporter-output>
          </reporter-output>
        </test-method> <!-- tearDownClass -->
      </class> <!-- step_definitions.RunCukesTest -->
    </test> <!-- Default test -->
  </suite> <!-- Default suite -->
</testng-results>
